<?xml version="1.0" encoding="UTF-8"?>
<!-- Generated by org.testng.reporters.JUnitXMLReporter -->
<testsuite hostname="LAPTOP-F8VFH2TR" name="Default test" tests="3" failures="0" timestamp="29 Oct 2022 14:17:38 GMT" time="29.777" errors="0">
  <testcase name="sampleAppTest" time="4.848" classname="com.uitap.tests.UITAPTest"/>
  <testcase name="OverlappedElementTest" time="2.743" classname="com.uitap.tests.UITAPTest"/>
  <testcase name="TextInputTest" time="6.76" classname="com.uitap.tests.UITAPTest"/>
</testsuite> <!-- Default test -->
