<?xml version="1.0" encoding="UTF-8"?>
<!-- Generated by org.testng.reporters.JUnitXMLReporter -->
<testsuite hostname="LAPTOP-F8VFH2TR" ignored="0" name="UITAPTests" tests="3" failures="0" timestamp="2022-10-30T12:24:54 IST" time="31.243" errors="0">
  <testcase name="sampleAppTest" time="5.02" classname="com.uitap.tests.UITAPTest"/>
  <testcase name="OverlappedElementTest" time="4.869" classname="com.uitap.tests.UITAPTest"/>
  <testcase name="TextInputTest" time="6.775" classname="com.uitap.tests.UITAPTest"/>
</testsuite> <!-- UITAPTests -->
