<?xml version="1.0" encoding="UTF-8"?>
<testng-results skipped="0" failed="0" ignored="0" total="3" passed="3">
  <reporter-output>
  </reporter-output>
  <suite name="Suite" duration-ms="31243" started-at="2022-10-30T12:24:23 IST" finished-at="2022-10-30T12:24:54 IST">
    <groups>
    </groups>
    <test name="UITAPTests" duration-ms="31243" started-at="2022-10-30T12:24:23 IST" finished-at="2022-10-30T12:24:54 IST">
      <class name="com.uitap.tests.UITAPTest">
        <test-method status="PASS" signature="startApp()[pri:0, instance:com.uitap.tests.UITAPTest@307f6b8c]" name="startApp" is-config="true" duration-ms="5034" started-at="2022-10-30T12:24:23 IST" finished-at="2022-10-30T12:24:28 IST">
          <reporter-output>
          </reporter-output>
        </test-method> <!-- startApp -->
        <test-method status="PASS" signature="sampleAppTest()[pri:1, instance:com.uitap.tests.UITAPTest@307f6b8c]" name="sampleAppTest" duration-ms="5020" started-at="2022-10-30T12:24:28 IST" finished-at="2022-10-30T12:24:33 IST">
          <reporter-output>
          </reporter-output>
        </test-method> <!-- sampleAppTest -->
        <test-method status="PASS" signature="tearDown()[pri:0, instance:com.uitap.tests.UITAPTest@307f6b8c]" name="tearDown" is-config="true" duration-ms="709" started-at="2022-10-30T12:24:33 IST" finished-at="2022-10-30T12:24:34 IST">
          <reporter-output>
          </reporter-output>
        </test-method> <!-- tearDown -->
        <test-method status="PASS" signature="startApp()[pri:0, instance:com.uitap.tests.UITAPTest@307f6b8c]" name="startApp" is-config="true" duration-ms="3626" started-at="2022-10-30T12:24:34 IST" finished-at="2022-10-30T12:24:38 IST">
          <reporter-output>
          </reporter-output>
        </test-method> <!-- startApp -->
        <test-method status="PASS" signature="OverlappedElementTest()[pri:2, instance:com.uitap.tests.UITAPTest@307f6b8c]" name="OverlappedElementTest" duration-ms="4869" started-at="2022-10-30T12:24:38 IST" finished-at="2022-10-30T12:24:43 IST">
          <reporter-output>
          </reporter-output>
        </test-method> <!-- OverlappedElementTest -->
        <test-method status="PASS" signature="tearDown()[pri:0, instance:com.uitap.tests.UITAPTest@307f6b8c]" name="tearDown" is-config="true" duration-ms="629" started-at="2022-10-30T12:24:43 IST" finished-at="2022-10-30T12:24:43 IST">
          <reporter-output>
          </reporter-output>
        </test-method> <!-- tearDown -->
        <test-method status="PASS" signature="startApp()[pri:0, instance:com.uitap.tests.UITAPTest@307f6b8c]" name="startApp" is-config="true" duration-ms="3393" started-at="2022-10-30T12:24:43 IST" finished-at="2022-10-30T12:24:47 IST">
          <reporter-output>
          </reporter-output>
        </test-method> <!-- startApp -->
        <test-method status="PASS" signature="TextInputTest()[pri:3, instance:com.uitap.tests.UITAPTest@307f6b8c]" name="TextInputTest" duration-ms="6775" started-at="2022-10-30T12:24:47 IST" finished-at="2022-10-30T12:24:54 IST">
          <reporter-output>
          </reporter-output>
        </test-method> <!-- TextInputTest -->
        <test-method status="PASS" signature="tearDown()[pri:0, instance:com.uitap.tests.UITAPTest@307f6b8c]" name="tearDown" is-config="true" duration-ms="657" started-at="2022-10-30T12:24:54 IST" finished-at="2022-10-30T12:24:54 IST">
          <reporter-output>
          </reporter-output>
        </test-method> <!-- tearDown -->
      </class> <!-- com.uitap.tests.UITAPTest -->
    </test> <!-- UITAPTests -->
  </suite> <!-- Suite -->
</testng-results>
