<?xml version="1.0" encoding="UTF-8"?>
<testng-results skipped="0" failed="0" total="3" passed="3">
  <reporter-output>
  </reporter-output>
  <suite name="Suite" duration-ms="35569" started-at="2022-10-29T14:37:11Z" finished-at="2022-10-29T14:37:46Z">
    <groups>
    </groups>
    <test name="UITAPTests" duration-ms="35569" started-at="2022-10-29T14:37:11Z" finished-at="2022-10-29T14:37:46Z">
      <class name="com.uitap.tests.UITAPTest">
        <test-method status="PASS" signature="startApp()[pri:0, instance:com.uitap.tests.UITAPTest@3f2a3a5]" name="startApp" is-config="true" duration-ms="5921" started-at="2022-10-29T20:07:11Z" finished-at="2022-10-29T20:07:17Z">
          <reporter-output>
          </reporter-output>
        </test-method> <!-- startApp -->
        <test-method status="PASS" signature="sampleAppTest()[pri:0, instance:com.uitap.tests.UITAPTest@3f2a3a5]" name="sampleAppTest" duration-ms="5034" started-at="2022-10-29T20:07:17Z" finished-at="2022-10-29T20:07:22Z">
          <reporter-output>
          </reporter-output>
        </test-method> <!-- sampleAppTest -->
        <test-method status="PASS" signature="tearDown()[pri:0, instance:com.uitap.tests.UITAPTest@3f2a3a5]" name="tearDown" is-config="true" duration-ms="1088" started-at="2022-10-29T20:07:22Z" finished-at="2022-10-29T20:07:23Z">
          <reporter-output>
          </reporter-output>
        </test-method> <!-- tearDown -->
        <test-method status="PASS" signature="startApp()[pri:0, instance:com.uitap.tests.UITAPTest@3f2a3a5]" name="startApp" is-config="true" duration-ms="4665" started-at="2022-10-29T20:07:23Z" finished-at="2022-10-29T20:07:28Z">
          <reporter-output>
          </reporter-output>
        </test-method> <!-- startApp -->
        <test-method status="PASS" signature="OverlappedElementTest()[pri:0, instance:com.uitap.tests.UITAPTest@3f2a3a5]" name="OverlappedElementTest" duration-ms="5126" started-at="2022-10-29T20:07:28Z" finished-at="2022-10-29T20:07:33Z">
          <reporter-output>
          </reporter-output>
        </test-method> <!-- OverlappedElementTest -->
        <test-method status="PASS" signature="tearDown()[pri:0, instance:com.uitap.tests.UITAPTest@3f2a3a5]" name="tearDown" is-config="true" duration-ms="838" started-at="2022-10-29T20:07:33Z" finished-at="2022-10-29T20:07:34Z">
          <reporter-output>
          </reporter-output>
        </test-method> <!-- tearDown -->
        <test-method status="PASS" signature="startApp()[pri:0, instance:com.uitap.tests.UITAPTest@3f2a3a5]" name="startApp" is-config="true" duration-ms="4782" started-at="2022-10-29T20:07:34Z" finished-at="2022-10-29T20:07:39Z">
          <reporter-output>
          </reporter-output>
        </test-method> <!-- startApp -->
        <test-method status="PASS" signature="TextInputTest()[pri:0, instance:com.uitap.tests.UITAPTest@3f2a3a5]" name="TextInputTest" duration-ms="6816" started-at="2022-10-29T20:07:39Z" finished-at="2022-10-29T20:07:45Z">
          <reporter-output>
          </reporter-output>
        </test-method> <!-- TextInputTest -->
        <test-method status="PASS" signature="tearDown()[pri:0, instance:com.uitap.tests.UITAPTest@3f2a3a5]" name="tearDown" is-config="true" duration-ms="750" started-at="2022-10-29T20:07:46Z" finished-at="2022-10-29T20:07:46Z">
          <reporter-output>
          </reporter-output>
        </test-method> <!-- tearDown -->
      </class> <!-- com.uitap.tests.UITAPTest -->
    </test> <!-- UITAPTests -->
  </suite> <!-- Suite -->
</testng-results>
